<?xml version="1.0" encoding="UTF-8"?>
<testng-results skipped="0" failed="0" ignored="0" total="2" passed="2">
  <reporter-output>
  </reporter-output>
  <suite name="Suite" duration-ms="64" started-at="2021-04-06T15:23:17 IST" finished-at="2021-04-06T15:23:17 IST">
    <groups>
    </groups>
    <test name="Test" duration-ms="64" started-at="2021-04-06T15:23:17 IST" finished-at="2021-04-06T15:23:17 IST">
      <class name="FunctionalTestSuite.DemoBlaze.SignInTest">
        <test-method status="PASS" signature="SignInValidation()[pri:0, instance:FunctionalTestSuite.DemoBlaze.SignInTest@64bf3bbf]" name="SignInValidation" duration-ms="0" started-at="2021-04-06T15:23:17 IST" finished-at="2021-04-06T15:23:17 IST">
          <reporter-output>
          </reporter-output>
        </test-method> <!-- SignInValidation -->
      </class> <!-- FunctionalTestSuite.DemoBlaze.SignInTest -->
      <class name="FunctionalTestSuite.DemoBlaze.LoginTest">
        <test-method status="PASS" signature="LoginValidation()[pri:0, instance:FunctionalTestSuite.DemoBlaze.LoginTest@4b952a2d]" name="LoginValidation" duration-ms="7" started-at="2021-04-06T15:23:17 IST" finished-at="2021-04-06T15:23:17 IST">
          <reporter-output>
          </reporter-output>
        </test-method> <!-- LoginValidation -->
      </class> <!-- FunctionalTestSuite.DemoBlaze.LoginTest -->
    </test> <!-- Test -->
  </suite> <!-- Suite -->
</testng-results>
