<?xml version="1.0" encoding="UTF-8"?>
<testng-results skipped="0" failed="0" ignored="0" total="1" passed="1">
  <reporter-output>
  </reporter-output>
  <suite name="Default suite" duration-ms="7384" started-at="2021-04-15T14:48:38 IST" finished-at="2021-04-15T14:48:46 IST">
    <groups>
    </groups>
    <test name="Default test" duration-ms="7384" started-at="2021-04-15T14:48:38 IST" finished-at="2021-04-15T14:48:46 IST">
      <class name="FunctionalTestSuite.DemoBlaze.SignUpTest">
        <test-method status="PASS" signature="signUpValidation()[pri:0, instance:FunctionalTestSuite.DemoBlaze.SignUpTest@4493d195]" name="signUpValidation" duration-ms="7319" started-at="2021-04-15T14:48:38 IST" finished-at="2021-04-15T14:48:46 IST">
          <reporter-output>
          </reporter-output>
        </test-method> <!-- signUpValidation -->
      </class> <!-- FunctionalTestSuite.DemoBlaze.SignUpTest -->
    </test> <!-- Default test -->
  </suite> <!-- Default suite -->
</testng-results>
